mode: set
PAM\pam.go:18.71,29.28 7 1
PAM\pam.go:33.2,33.34 1 1
PAM\pam.go:53.2,53.32 1 1
PAM\pam.go:29.28,31.3 1 1
PAM\pam.go:33.34,37.10 4 1
PAM\pam.go:37.10,38.39 1 1
PAM\pam.go:44.4,47.17 3 1
PAM\pam.go:38.39,39.44 1 1
PAM\pam.go:39.44,42.6 2 1
PAM\pam.go:47.17,50.5 2 1
PAM\pam.go:57.34,65.25 5 1
PAM\pam.go:69.2,71.16 2 1
PAM\pam.go:65.25,68.3 2 1
PAM\pam.go:75.52,82.25 5 1
PAM\pam.go:97.2,102.12 4 1
PAM\pam.go:150.2,152.29 2 1
PAM\pam.go:82.25,85.34 2 1
PAM\pam.go:91.3,91.16 1 1
PAM\pam.go:85.34,86.19 1 1
PAM\pam.go:86.19,88.5 1 1
PAM\pam.go:91.16,94.4 2 1
PAM\pam.go:102.12,104.46 1 1
PAM\pam.go:143.3,144.28 2 1
PAM\pam.go:104.46,109.49 4 1
PAM\pam.go:124.4,128.27 4 1
PAM\pam.go:138.4,138.23 1 1
PAM\pam.go:109.49,115.71 5 1
PAM\pam.go:115.71,122.6 5 1
PAM\pam.go:128.27,129.35 1 1
PAM\pam.go:129.35,130.24 1 1
PAM\pam.go:130.24,135.7 4 1
PAM\pam.go:138.23,141.5 2 1
PAM\pam.go:144.28,146.4 1 1
PAM\pam.go:146.4,148.4 1 1
PAM\pam.go:158.49,167.30 8 1
PAM\pam.go:179.2,179.43 1 1
PAM\pam.go:167.30,172.20 4 1
PAM\pam.go:177.3,177.62 1 1
PAM\pam.go:172.20,176.4 3 1
PAM\example.go:7.13,85.2 13 0
PAM\floyd_warshall.go:13.70,16.12 3 1
PAM\floyd_warshall.go:21.2,22.27 2 1
PAM\floyd_warshall.go:30.2,30.27 1 1
PAM\floyd_warshall.go:38.2,38.27 1 1
PAM\floyd_warshall.go:55.2,55.25 1 1
PAM\floyd_warshall.go:61.2,61.20 1 1
PAM\floyd_warshall.go:16.12,18.3 1 1
PAM\floyd_warshall.go:22.27,24.28 2 1
PAM\floyd_warshall.go:24.28,26.4 1 1
PAM\floyd_warshall.go:30.27,31.28 1 1
PAM\floyd_warshall.go:31.28,33.4 1 1
PAM\floyd_warshall.go:38.27,39.28 1 1
PAM\floyd_warshall.go:39.28,40.29 1 1
PAM\floyd_warshall.go:40.29,46.31 5 1
PAM\floyd_warshall.go:46.31,48.6 1 1
PAM\floyd_warshall.go:48.6,50.6 1 1
PAM\floyd_warshall.go:55.25,56.26 1 1
PAM\floyd_warshall.go:56.26,58.4 1 1
PAM\init.go:21.45,23.16 2 1
PAM\init.go:26.2,33.18 5 1
PAM\init.go:23.16,25.3 1 1
PAM\init.go:36.47,38.16 2 1
PAM\init.go:41.2,43.12 3 1
PAM\init.go:38.16,40.3 1 1
PAM\init.go:48.58,52.28 3 1
PAM\init.go:56.2,56.45 1 1
PAM\init.go:60.2,62.33 3 1
PAM\init.go:70.2,71.13 2 1
PAM\init.go:52.28,55.3 2 1
PAM\init.go:56.45,56.85 1 1
PAM\init.go:62.33,64.38 2 1
PAM\init.go:67.3,67.6 1 1
PAM\init.go:64.38,66.4 1 1
PAM\init.go:75.48,78.25 2 1
PAM\init.go:85.2,86.16 2 1
PAM\init.go:89.2,94.16 4 1
PAM\init.go:99.2,101.25 3 1
PAM\init.go:105.2,105.25 1 1
PAM\init.go:116.2,116.36 1 1
PAM\init.go:124.2,124.12 1 1
PAM\init.go:78.25,79.14 1 1
PAM\init.go:79.14,81.9 2 1
PAM\init.go:86.16,88.3 1 1
PAM\init.go:94.16,96.3 1 1
PAM\init.go:101.25,103.3 1 1
PAM\init.go:105.25,106.26 1 1
PAM\init.go:106.26,107.14 1 1
PAM\init.go:107.14,109.5 1 1
PAM\init.go:109.5,111.5 1 1
PAM\init.go:116.36,117.39 1 1
PAM\init.go:117.39,118.43 1 1
PAM\init.go:118.43,120.5 1 1
